[2025-04-16 13:06:13] Début de la mise à jour des données...
[2025-04-16 13:06:13] Mise à jour des données récentes...
[2025-04-16 13:06:13] Données récentes mises à jour avec succès.
[2025-04-16 13:06:13] Mise à jour des données historiques (limite: 1000)...
[2025-04-16 13:06:21] Début de la mise à jour des données...
[2025-04-16 13:06:21] Mise à jour des données récentes...
[2025-04-16 13:06:21] Données récentes mises à jour avec succès.
[2025-04-16 13:06:21] Mise à jour des données historiques (limite: 1000)...
[2025-04-16 13:07:11] Début de la mise à jour des données...
[2025-04-16 13:07:11] Mise à jour des données récentes...
[2025-04-16 13:08:22] Début de la mise à jour des données...
[2025-04-16 13:08:22] Mise à jour des données récentes...
[2025-04-16 13:09:37] Début de la mise à jour des données...
[2025-04-16 13:09:37] Mise à jour des données récentes...
[2025-04-16 13:10:25] Début de la mise à jour des données...
[2025-04-16 13:10:25] Mise à jour des données récentes...
[2025-04-16 13:10:25] Données récentes mises à jour avec succès.
[2025-04-16 13:10:25] Mise à jour des données historiques (limite: 1000)...
[2025-04-16 13:10:25] Historique (limite: 1000) mis à jour avec 1000 tirages.
[2025-04-16 13:10:25] Mise à jour des données historiques (limite: 3000)...
[2025-04-16 13:10:25] Historique (limite: 3000) mis à jour avec 1000 tirages.
[2025-04-16 13:10:25] Mise à jour des données historiques (limite: 5000)...
[2025-04-16 13:10:25] Historique (limite: 5000) mis à jour avec 1000 tirages.
[2025-04-16 13:10:25] Mise à jour des données historiques (limite: 7000)...
[2025-04-16 13:10:25] Historique (limite: 7000) mis à jour avec 1000 tirages.
[2025-04-16 13:10:25] Mise à jour des données historiques étendues...
[2025-04-16 13:10:27] Données historiques étendues mises à jour avec 1000 tirages.
[2025-04-16 13:10:27] Préchargement des stratégies de tirage...
[2025-04-16 13:10:27] Stratégies préchargées : 12
[2025-04-16 13:10:27] Pas de cache à nettoyer - le cache est désactivé.
[2025-04-16 13:10:27] Mise à jour des données terminée avec succès.
